<?xml version="1.0" encoding="UTF-8"?>
<testsuite name="Test"
           tests="2"
           failures="0"
           errors="0"
           skipped="0"
           time="58,964">
  <properties />
  
  
            <testcase name="CN012_AlterarLinksDuvidasAreaLogada" time="23,727" classname="br.com.bradesco.test.CN012_AlterarLinksDuvidasAreaLogada" />
                <testcase name="CT022_ValidarAlteraçãoLinkDuvidasSobreAlteraçãoEmail" time="35,237" classname="br.com.bradesco.test.CN012_AlterarLinksDuvidasAreaLogada" />
      
</testsuite>
