<?xml version="1.0" encoding="UTF-8"?>
<testng-results skipped="0" failed="0" total="1" passed="1">
  <reporter-output>
  </reporter-output>
  <suite name="Default suite" duration-ms="50995" started-at="2016-12-23T16:37:05Z" finished-at="2016-12-23T16:37:56Z">
    <groups>
    </groups>
    <test name="Default test" duration-ms="50995" started-at="2016-12-23T16:37:05Z" finished-at="2016-12-23T16:37:56Z">
      <class name="br.com.bradesco.test.CN003_ImpressaoDeCarterinhaVirtual">
        <test-method status="PASS" signature="CT001_ExecutarImpressaoDeCarterinha()[pri:0, instance:br.com.bradesco.test.CN003_ImpressaoDeCarterinhaVirtual@38082d64]" name="CT001_ExecutarImpressaoDeCarterinha" duration-ms="50936" started-at="2016-12-23T14:37:05Z" finished-at="2016-12-23T14:37:56Z">
          <reporter-output>
          </reporter-output>
        </test-method> <!-- CT001_ExecutarImpressaoDeCarterinha -->
      </class> <!-- br.com.bradesco.test.CN003_ImpressaoDeCarterinhaVirtual -->
    </test> <!-- Default test -->
  </suite> <!-- Default suite -->
</testng-results>
