<?xml version="1.0" encoding="UTF-8"?>
<testng-results skipped="0" failed="0" total="4" passed="4">
  <reporter-output>
  </reporter-output>
  <suite name="Default suite" duration-ms="129179" started-at="2016-12-22T20:12:55Z" finished-at="2016-12-22T20:15:04Z">
    <groups>
    </groups>
    <test name="Default test" duration-ms="129179" started-at="2016-12-22T20:12:55Z" finished-at="2016-12-22T20:15:04Z">
      <class name="br.com.bradesco.test.CN012_AlterarLinksDuvidasAreaLogada">
        <test-method status="PASS" signature="CN019_ValidarAlteracaoLinkDuvidasSobreEnvioDeAberturaDeTratamentoPorEmail()[pri:0, instance:br.com.bradesco.test.CN012_AlterarLinksDuvidasAreaLogada@38082d64]" name="CN019_ValidarAlteracaoLinkDuvidasSobreEnvioDeAberturaDeTratamentoPorEmail" duration-ms="49017" started-at="2016-12-22T18:12:55Z" finished-at="2016-12-22T18:13:44Z">
          <reporter-output>
          </reporter-output>
        </test-method> <!-- CN019_ValidarAlteracaoLinkDuvidasSobreEnvioDeAberturaDeTratamentoPorEmail -->
        <test-method status="PASS" signature="CT021_ValidarAlteraçãoDo_LinkProtuárioVirtual_DuvidaExtratoDeRede()[pri:0, instance:br.com.bradesco.test.CN012_AlterarLinksDuvidasAreaLogada@38082d64]" name="CT021_ValidarAlteraçãoDo_LinkProtuárioVirtual_DuvidaExtratoDeRede" duration-ms="24925" started-at="2016-12-22T18:13:44Z" finished-at="2016-12-22T18:14:09Z">
          <reporter-output>
          </reporter-output>
        </test-method> <!-- CT021_ValidarAlteraçãoDo_LinkProtuárioVirtual_DuvidaExtratoDeRede -->
        <test-method status="PASS" signature="CT020_ValidarAlteraçãoDoLink_ImpostoDeRendaReembolsos_DuvidaExtratoReembolso()[pri:0, instance:br.com.bradesco.test.CN012_AlterarLinksDuvidasAreaLogada@38082d64]" name="CT020_ValidarAlteraçãoDoLink_ImpostoDeRendaReembolsos_DuvidaExtratoReembolso" duration-ms="23440" started-at="2016-12-22T18:14:09Z" finished-at="2016-12-22T18:14:32Z">
          <reporter-output>
          </reporter-output>
        </test-method> <!-- CT020_ValidarAlteraçãoDoLink_ImpostoDeRendaReembolsos_DuvidaExtratoReembolso -->
        <test-method status="PASS" signature="CT022_ValidarAlteraçãoLinkDuvidasSobreAlteraçãoEmail()[pri:0, instance:br.com.bradesco.test.CN012_AlterarLinksDuvidasAreaLogada@38082d64]" name="CT022_ValidarAlteraçãoLinkDuvidasSobreAlteraçãoEmail" duration-ms="31728" started-at="2016-12-22T18:14:32Z" finished-at="2016-12-22T18:15:04Z">
          <reporter-output>
          </reporter-output>
        </test-method> <!-- CT022_ValidarAlteraçãoLinkDuvidasSobreAlteraçãoEmail -->
      </class> <!-- br.com.bradesco.test.CN012_AlterarLinksDuvidasAreaLogada -->
    </test> <!-- Default test -->
  </suite> <!-- Default suite -->
</testng-results>
