<?xml version="1.0" encoding="UTF-8"?>
<!-- Generated by org.testng.reporters.JUnitReportReporter -->
<testsuite hostname="Automacao_PC" name="br.com.bradesco.test.CNF001_GeracaoDeOcorrenciaComGeracaoDeProtocoloDeAtendimento" tests="1" failures="0" timestamp="22 Dec 2016 19:23:40 GMT" time="67.886" errors="0">
  <testcase name="CT001_ExecutarDoisServicosQueGeremProtocoloNaMesmaSessãoAbertaPorUmUsuario" time="67.886" classname="br.com.bradesco.test.CNF001_GeracaoDeOcorrenciaComGeracaoDeProtocoloDeAtendimento"/>
</testsuite> <!-- br.com.bradesco.test.CNF001_GeracaoDeOcorrenciaComGeracaoDeProtocoloDeAtendimento -->
