<?xml version="1.0" encoding="UTF-8"?>
<!-- Generated by org.testng.reporters.JUnitXMLReporter -->
<testsuite hostname="Automacao_PC" name="Test" tests="4" failures="4" timestamp="20 Dec 2016 22:02:08 GMT" time="248.394" errors="0">
  <testcase name="CT001_ExecutarSolicitacao2viaDeCarterinha" time="96.544" classname="br.com.bradesco.test.CN001_2ViaDeCarterinha">
    <failure type="java.lang.AssertionError" message="null">
      <![CDATA[java.lang.AssertionError: null
	at br.com.bradesco.test.CN001_2ViaDeCarterinha.CT001_ExecutarSolicitacao2viaDeCarterinha(CN001_2ViaDeCarterinha.java:154)
... Removed 32 stack frames]]>
    </failure>
  </testcase> <!-- CT001_ExecutarSolicitacao2viaDeCarterinha -->
  <testcase name="CT001_ExecutarConsultaDeProtocolo" time="30.001" classname="br.com.bradesco.test.CN013_ExtratoDeAtendimentoAreaLogada">
    <failure type="java.lang.AssertionError" message="null">
      <![CDATA[java.lang.AssertionError: null
	at br.com.bradesco.test.CN013_ExtratoDeAtendimentoAreaLogada.CT001_ExecutarConsultaDeProtocolo(CN013_ExtratoDeAtendimentoAreaLogada.java:163)
... Removed 32 stack frames]]>
    </failure>
  </testcase> <!-- CT001_ExecutarConsultaDeProtocolo -->
  <testcase name="CT001_ExecutarDoisServicosQueGeremProtocoloNaMesmaSessãoAbertaPorUmUsuario" time="54.023" classname="br.com.bradesco.test.CNF001_GeracaoDeOcorrenciaComGeracaoDeProtocoloDeAtendimento">
    <failure type="java.lang.AssertionError" message="null">
      <![CDATA[java.lang.AssertionError: null
	at br.com.bradesco.test.CNF001_GeracaoDeOcorrenciaComGeracaoDeProtocoloDeAtendimento.CT001_ExecutarDoisServicosQueGeremProtocoloNaMesmaSessãoAbertaPorUmUsuario(CNF001_GeracaoDeOcorrenciaComGeracaoDeProtocoloDeAtendimento.java:150)
... Removed 32 stack frames]]>
    </failure>
  </testcase> <!-- CT001_ExecutarDoisServicosQueGeremProtocoloNaMesmaSessãoAbertaPorUmUsuario -->
  <testcase name="CT002_SolicitarExtratoPagamentoViaEmail" time="67.434" classname="br.com.bradesco.test.CN006_ExtratoDePagamento">
    <failure type="java.lang.AssertionError" message="null">
      <![CDATA[java.lang.AssertionError: null
	at br.com.bradesco.test.CN006_ExtratoDePagamento.CT002_SolicitarExtratoPagamentoViaEmail(CN006_ExtratoDePagamento.java:193)
... Removed 32 stack frames]]>
    </failure>
  </testcase> <!-- CT002_SolicitarExtratoPagamentoViaEmail -->
</testsuite> <!-- Test -->
