<?xml version="1.0" encoding="UTF-8"?>
<!-- Generated by org.testng.reporters.JUnitXMLReporter -->
<testsuite hostname="Automacao_PC" name="Test" tests="7" failures="2" timestamp="22 Dec 2016 13:03:25 GMT" time="335.6" errors="0">
  <testcase name="CT001_ExecutarDoisServicosQueGeremProtocoloNaMesmaSessãoAbertaPorUmUsuario" time="95.687" classname="br.com.bradesco.test.CNF001_GeracaoDeOcorrenciaComGeracaoDeProtocoloDeAtendimento">
    <failure type="java.lang.AssertionError" message="null">
      <![CDATA[java.lang.AssertionError: null
	at br.com.bradesco.test.CNF001_GeracaoDeOcorrenciaComGeracaoDeProtocoloDeAtendimento.CT001_ExecutarDoisServicosQueGeremProtocoloNaMesmaSessãoAbertaPorUmUsuario(CNF001_GeracaoDeOcorrenciaComGeracaoDeProtocoloDeAtendimento.java:232)
... Removed 32 stack frames]]>
    </failure>
  </testcase> <!-- CT001_ExecutarDoisServicosQueGeremProtocoloNaMesmaSessãoAbertaPorUmUsuario -->
  <testcase name="CT001_ExecutarSolicitacao2viaDeCarterinha" time="32.577" classname="br.com.bradesco.test.CN001_2ViaDeCarterinha"/>
  <testcase name="CT002_SolicitarExtratoPagamentoViaEmail" time="68.716" classname="br.com.bradesco.test.CN006_ExtratoDePagamento">
    <failure type="java.lang.AssertionError" message="null">
      <![CDATA[java.lang.AssertionError: null
	at br.com.bradesco.test.CN006_ExtratoDePagamento.CT002_SolicitarExtratoPagamentoViaEmail(CN006_ExtratoDePagamento.java:199)
... Removed 32 stack frames]]>
    </failure>
  </testcase> <!-- CT002_SolicitarExtratoPagamentoViaEmail -->
  <testcase name="CT002_EnviarFormulario_FaleConosco" time="41.739" classname="br.com.bradesco.test.CN011_AreaLogadoFaleConosco"/>
  <testcase name="CN012_AlterarLinksDuvidasAreaLogada" time="23.727" classname="br.com.bradesco.test.CN012_AlterarLinksDuvidasAreaLogada"/>
  <testcase name="CT022_ValidarAlteraçãoLinkDuvidasSobreAlteraçãoEmail" time="35.237" classname="br.com.bradesco.test.CN012_AlterarLinksDuvidasAreaLogada"/>
  <testcase name="CT001_ExecutarConsultaDeProtocolo" time="37.857" classname="br.com.bradesco.test.CN013_ExtratoDeAtendimentoAreaLogada"/>
</testsuite> <!-- Test -->
