-------------------------------------------------------------------------------
Test set: TestSuite
-------------------------------------------------------------------------------
Tests run: 1, Failures: 1, Errors: 0, Skipped: 0, Time elapsed: 57.408 sec <<< FAILURE!
CT001_ExecutarDoisServicosQueGeremProtocoloNaMesmaSessãoAbertaPorUmUsuario(br.com.bradesco.test.CNF001_GeracaoDeOcorrenciaComGeracaoDeProtocoloDeAtendimento)  Time elapsed: 42.416 sec  <<< FAILURE!
java.lang.AssertionError: null
	at org.testng.Assert.fail(Assert.java:94)
	at org.testng.Assert.fail(Assert.java:101)
	at br.com.bradesco.test.CNF001_GeracaoDeOcorrenciaComGeracaoDeProtocoloDeAtendimento.CT001_ExecutarDoisServicosQueGeremProtocoloNaMesmaSessãoAbertaPorUmUsuario(CNF001_GeracaoDeOcorrenciaComGeracaoDeProtocoloDeAtendimento.java:71)

