<?xml version="1.0" encoding="UTF-8"?>
<testng-results skipped="0" failed="1" total="1" passed="0">
  <reporter-output>
  </reporter-output>
  <suite name="suite" duration-ms="201522" started-at="2016-12-20T20:26:39Z" finished-at="2016-12-20T20:30:00Z">
    <groups>
    </groups>
    <test name="Test" duration-ms="201522" started-at="2016-12-20T20:26:39Z" finished-at="2016-12-20T20:30:00Z">
      <class name="br.com.bradesco.test.SuiteTeste">
        <test-method status="PASS" signature="setUp()[pri:0, instance:br.com.bradesco.test.SuiteTeste@574b560f]" name="setUp" is-config="true" duration-ms="120" started-at="2016-12-20T18:26:38Z" finished-at="2016-12-20T18:26:39Z">
          <reporter-output>
          </reporter-output>
        </test-method> <!-- setUp -->
        <test-method status="PASS" signature="TearDow()[pri:0, instance:br.com.bradesco.test.SuiteTeste@574b560f]" name="TearDow" is-config="true" duration-ms="2372" started-at="2016-12-20T18:30:00Z" finished-at="2016-12-20T18:30:02Z">
          <reporter-output>
          </reporter-output>
        </test-method> <!-- TearDow -->
      </class> <!-- br.com.bradesco.test.SuiteTeste -->
      <class name="br.com.bradesco.test.CN006_ExtratoDePagamento">
        <test-method status="FAIL" signature="CT002_SolicitarExtratoPagamentoViaEmail()[pri:0, instance:br.com.bradesco.test.CN006_ExtratoDePagamento@7748410a]" name="CT002_SolicitarExtratoPagamentoViaEmail" duration-ms="201482" started-at="2016-12-20T18:26:39Z" finished-at="2016-12-20T18:30:00Z">
          <exception class="java.lang.AssertionError">
            <message>
              <![CDATA[null]]>
            </message>
            <full-stacktrace>
              <![CDATA[java.lang.AssertionError: null
	at org.testng.Assert.fail(Assert.java:94)
	at org.testng.Assert.fail(Assert.java:101)
	at br.com.bradesco.test.CN006_ExtratoDePagamento.CT002_SolicitarExtratoPagamentoViaEmail(CN006_ExtratoDePagamento.java:185)
	at sun.reflect.NativeMethodAccessorImpl.invoke0(Native Method)
	at sun.reflect.NativeMethodAccessorImpl.invoke(Unknown Source)
	at sun.reflect.DelegatingMethodAccessorImpl.invoke(Unknown Source)
	at java.lang.reflect.Method.invoke(Unknown Source)
	at org.testng.internal.MethodInvocationHelper.invokeMethod(MethodInvocationHelper.java:85)
	at org.testng.internal.Invoker.invokeMethod(Invoker.java:659)
	at org.testng.internal.Invoker.invokeTestMethod(Invoker.java:845)
	at org.testng.internal.Invoker.invokeTestMethods(Invoker.java:1153)
	at org.testng.internal.TestMethodWorker.invokeTestMethods(TestMethodWorker.java:125)
	at org.testng.internal.TestMethodWorker.run(TestMethodWorker.java:108)
	at org.testng.TestRunner.privateRun(TestRunner.java:771)
	at org.testng.TestRunner.run(TestRunner.java:621)
	at org.testng.SuiteRunner.runTest(SuiteRunner.java:357)
	at org.testng.SuiteRunner.runSequentially(SuiteRunner.java:352)
	at org.testng.SuiteRunner.privateRun(SuiteRunner.java:310)
	at org.testng.SuiteRunner.run(SuiteRunner.java:259)
	at org.testng.SuiteRunnerWorker.runSuite(SuiteRunnerWorker.java:52)
	at org.testng.SuiteRunnerWorker.run(SuiteRunnerWorker.java:86)
	at org.testng.TestNG.runSuitesSequentially(TestNG.java:1199)
	at org.testng.TestNG.runSuitesLocally(TestNG.java:1124)
	at org.testng.TestNG.run(TestNG.java:1032)
	at org.apache.maven.surefire.testng.TestNGExecutor.run(TestNGExecutor.java:73)
	at org.apache.maven.surefire.testng.TestNGXmlTestSuite.execute(TestNGXmlTestSuite.java:94)
	at org.apache.maven.surefire.Surefire.run(Surefire.java:169)
	at sun.reflect.NativeMethodAccessorImpl.invoke0(Native Method)
	at sun.reflect.NativeMethodAccessorImpl.invoke(Unknown Source)
	at sun.reflect.DelegatingMethodAccessorImpl.invoke(Unknown Source)
	at java.lang.reflect.Method.invoke(Unknown Source)
	at org.apache.maven.surefire.booter.SurefireBooter.runSuitesInProcess(SurefireBooter.java:350)
	at org.apache.maven.surefire.booter.SurefireBooter.main(SurefireBooter.java:1021)
]]>
            </full-stacktrace>
          </exception> <!-- java.lang.AssertionError -->
          <reporter-output>
          </reporter-output>
        </test-method> <!-- CT002_SolicitarExtratoPagamentoViaEmail -->
      </class> <!-- br.com.bradesco.test.CN006_ExtratoDePagamento -->
    </test> <!-- Test -->
  </suite> <!-- suite -->
</testng-results>
