<?xml version="1.0" encoding="UTF-8" ?>
<testsuite tests="1" failures="1" name="TestSuite" time="213.352" errors="0" skipped="0">
  <properties>
[...]
</properties>
  <testcase classname="br.com.bradesco.test.CN006_ExtratoDePagamento" name="CT002_SolicitarExtratoPagamentoViaEmail" time="201.48">
    <failure message="null" type="java.lang.AssertionError">java.lang.AssertionError: null
	at org.testng.Assert.fail(Assert.java:94)
	at org.testng.Assert.fail(Assert.java:101)
	at br.com.bradesco.test.CN006_ExtratoDePagamento.CT002_SolicitarExtratoPagamentoViaEmail(CN006_ExtratoDePagamento.java:185)
</failure>
    <system-out>Inicou o Teste: CT002 - Solicitar extrato de pagamento via email
Step 1 Status do step: Passou
Step 2 Status do step: Passou
Step 3 Status do step: Passou
Step 4 Status do step: Passou
Step 5 Status do step: Falhou
Total de passos: 5
Finalizou o Teste: CT002 - Solicitar extrato de pagamento via email
</system-out>
  </testcase>
</testsuite>