<?xml version="1.0" encoding="UTF-8"?>
<testng-results skipped="0" failed="2" total="7" passed="5">
  <reporter-output>
  </reporter-output>
  <suite name="suite" duration-ms="335600" started-at="2016-12-22T12:57:49Z" finished-at="2016-12-22T13:03:24Z">
    <groups>
    </groups>
    <test name="Test" duration-ms="335600" started-at="2016-12-22T12:57:49Z" finished-at="2016-12-22T13:03:24Z">
      <class name="br.com.bradesco.test.SuiteTeste">
        <test-method status="PASS" signature="setUp()[pri:0, instance:br.com.bradesco.test.SuiteTeste@6bf0219d]" name="setUp" is-config="true" duration-ms="39" started-at="2016-12-22T10:57:49Z" finished-at="2016-12-22T10:57:49Z">
          <reporter-output>
          </reporter-output>
        </test-method> <!-- setUp -->
        <test-method status="PASS" signature="TearDow()[pri:0, instance:br.com.bradesco.test.SuiteTeste@6bf0219d]" name="TearDow" is-config="true" duration-ms="6050" started-at="2016-12-22T11:03:25Z" finished-at="2016-12-22T11:03:31Z">
          <reporter-output>
          </reporter-output>
        </test-method> <!-- TearDow -->
      </class> <!-- br.com.bradesco.test.SuiteTeste -->
      <class name="br.com.bradesco.test.CN001_2ViaDeCarterinha">
        <test-method status="PASS" signature="CT001_ExecutarSolicitacao2viaDeCarterinha()[pri:0, instance:br.com.bradesco.test.CN001_2ViaDeCarterinha@dd0c991]" name="CT001_ExecutarSolicitacao2viaDeCarterinha" duration-ms="32577" started-at="2016-12-22T10:59:25Z" finished-at="2016-12-22T10:59:57Z">
          <reporter-output>
          </reporter-output>
        </test-method> <!-- CT001_ExecutarSolicitacao2viaDeCarterinha -->
      </class> <!-- br.com.bradesco.test.CN001_2ViaDeCarterinha -->
      <class name="br.com.bradesco.test.CN006_ExtratoDePagamento">
        <test-method status="FAIL" signature="CT002_SolicitarExtratoPagamentoViaEmail()[pri:0, instance:br.com.bradesco.test.CN006_ExtratoDePagamento@2f54a33d]" name="CT002_SolicitarExtratoPagamentoViaEmail" duration-ms="68716" started-at="2016-12-22T10:59:57Z" finished-at="2016-12-22T11:01:06Z">
          <exception class="java.lang.AssertionError">
            <message>
              <![CDATA[null]]>
            </message>
            <full-stacktrace>
              <![CDATA[java.lang.AssertionError: null
	at org.testng.Assert.fail(Assert.java:94)
	at org.testng.Assert.fail(Assert.java:101)
	at br.com.bradesco.test.CN006_ExtratoDePagamento.CT002_SolicitarExtratoPagamentoViaEmail(CN006_ExtratoDePagamento.java:199)
	at sun.reflect.NativeMethodAccessorImpl.invoke0(Native Method)
	at sun.reflect.NativeMethodAccessorImpl.invoke(NativeMethodAccessorImpl.java:62)
	at sun.reflect.DelegatingMethodAccessorImpl.invoke(DelegatingMethodAccessorImpl.java:43)
	at java.lang.reflect.Method.invoke(Method.java:498)
	at org.testng.internal.MethodInvocationHelper.invokeMethod(MethodInvocationHelper.java:85)
	at org.testng.internal.Invoker.invokeMethod(Invoker.java:659)
	at org.testng.internal.Invoker.invokeTestMethod(Invoker.java:845)
	at org.testng.internal.Invoker.invokeTestMethods(Invoker.java:1153)
	at org.testng.internal.TestMethodWorker.invokeTestMethods(TestMethodWorker.java:125)
	at org.testng.internal.TestMethodWorker.run(TestMethodWorker.java:108)
	at org.testng.TestRunner.privateRun(TestRunner.java:771)
	at org.testng.TestRunner.run(TestRunner.java:621)
	at org.testng.SuiteRunner.runTest(SuiteRunner.java:357)
	at org.testng.SuiteRunner.runSequentially(SuiteRunner.java:352)
	at org.testng.SuiteRunner.privateRun(SuiteRunner.java:310)
	at org.testng.SuiteRunner.run(SuiteRunner.java:259)
	at org.testng.SuiteRunnerWorker.runSuite(SuiteRunnerWorker.java:52)
	at org.testng.SuiteRunnerWorker.run(SuiteRunnerWorker.java:86)
	at org.testng.TestNG.runSuitesSequentially(TestNG.java:1199)
	at org.testng.TestNG.runSuitesLocally(TestNG.java:1124)
	at org.testng.TestNG.run(TestNG.java:1032)
	at org.apache.maven.surefire.testng.TestNGExecutor.run(TestNGExecutor.java:73)
	at org.apache.maven.surefire.testng.TestNGXmlTestSuite.execute(TestNGXmlTestSuite.java:94)
	at org.apache.maven.surefire.Surefire.run(Surefire.java:169)
	at sun.reflect.NativeMethodAccessorImpl.invoke0(Native Method)
	at sun.reflect.NativeMethodAccessorImpl.invoke(NativeMethodAccessorImpl.java:62)
	at sun.reflect.DelegatingMethodAccessorImpl.invoke(DelegatingMethodAccessorImpl.java:43)
	at java.lang.reflect.Method.invoke(Method.java:498)
	at org.apache.maven.surefire.booter.SurefireBooter.runSuitesInProcess(SurefireBooter.java:350)
	at org.apache.maven.surefire.booter.SurefireBooter.main(SurefireBooter.java:1021)
]]>
            </full-stacktrace>
          </exception> <!-- java.lang.AssertionError -->
          <reporter-output>
          </reporter-output>
        </test-method> <!-- CT002_SolicitarExtratoPagamentoViaEmail -->
      </class> <!-- br.com.bradesco.test.CN006_ExtratoDePagamento -->
      <class name="br.com.bradesco.test.CN013_ExtratoDeAtendimentoAreaLogada">
        <test-method status="PASS" signature="CT001_ExecutarConsultaDeProtocolo()[pri:0, instance:br.com.bradesco.test.CN013_ExtratoDeAtendimentoAreaLogada@ba54932]" name="CT001_ExecutarConsultaDeProtocolo" duration-ms="37857" started-at="2016-12-22T11:02:47Z" finished-at="2016-12-22T11:03:24Z">
          <reporter-output>
          </reporter-output>
        </test-method> <!-- CT001_ExecutarConsultaDeProtocolo -->
      </class> <!-- br.com.bradesco.test.CN013_ExtratoDeAtendimentoAreaLogada -->
      <class name="br.com.bradesco.test.CN012_AlterarLinksDuvidasAreaLogada">
        <test-method status="PASS" signature="CN012_AlterarLinksDuvidasAreaLogada()[pri:0, instance:br.com.bradesco.test.CN012_AlterarLinksDuvidasAreaLogada@574b560f]" name="CN012_AlterarLinksDuvidasAreaLogada" duration-ms="23727" started-at="2016-12-22T11:01:48Z" finished-at="2016-12-22T11:02:11Z">
          <reporter-output>
          </reporter-output>
        </test-method> <!-- CN012_AlterarLinksDuvidasAreaLogada -->
        <test-method status="PASS" signature="CT022_ValidarAlteraçãoLinkDuvidasSobreAlteraçãoEmail()[pri:0, instance:br.com.bradesco.test.CN012_AlterarLinksDuvidasAreaLogada@574b560f]" name="CT022_ValidarAlteraçãoLinkDuvidasSobreAlteraçãoEmail" duration-ms="35237" started-at="2016-12-22T11:02:11Z" finished-at="2016-12-22T11:02:47Z">
          <reporter-output>
          </reporter-output>
        </test-method> <!-- CT022_ValidarAlteraçãoLinkDuvidasSobreAlteraçãoEmail -->
      </class> <!-- br.com.bradesco.test.CN012_AlterarLinksDuvidasAreaLogada -->
      <class name="br.com.bradesco.test.CNF001_GeracaoDeOcorrenciaComGeracaoDeProtocoloDeAtendimento">
        <test-method status="FAIL" signature="CT001_ExecutarDoisServicosQueGeremProtocoloNaMesmaSessãoAbertaPorUmUsuario()[pri:0, instance:br.com.bradesco.test.CNF001_GeracaoDeOcorrenciaComGeracaoDeProtocoloDeAtendimento@36b4fe2a]" name="CT001_ExecutarDoisServicosQueGeremProtocoloNaMesmaSessãoAbertaPorUmUsuario" duration-ms="95687" started-at="2016-12-22T10:57:49Z" finished-at="2016-12-22T10:59:25Z">
          <exception class="java.lang.AssertionError">
            <message>
              <![CDATA[null]]>
            </message>
            <full-stacktrace>
              <![CDATA[java.lang.AssertionError: null
	at org.testng.Assert.fail(Assert.java:94)
	at org.testng.Assert.fail(Assert.java:101)
	at br.com.bradesco.test.CNF001_GeracaoDeOcorrenciaComGeracaoDeProtocoloDeAtendimento.CT001_ExecutarDoisServicosQueGeremProtocoloNaMesmaSessãoAbertaPorUmUsuario(CNF001_GeracaoDeOcorrenciaComGeracaoDeProtocoloDeAtendimento.java:232)
	at sun.reflect.NativeMethodAccessorImpl.invoke0(Native Method)
	at sun.reflect.NativeMethodAccessorImpl.invoke(NativeMethodAccessorImpl.java:62)
	at sun.reflect.DelegatingMethodAccessorImpl.invoke(DelegatingMethodAccessorImpl.java:43)
	at java.lang.reflect.Method.invoke(Method.java:498)
	at org.testng.internal.MethodInvocationHelper.invokeMethod(MethodInvocationHelper.java:85)
	at org.testng.internal.Invoker.invokeMethod(Invoker.java:659)
	at org.testng.internal.Invoker.invokeTestMethod(Invoker.java:845)
	at org.testng.internal.Invoker.invokeTestMethods(Invoker.java:1153)
	at org.testng.internal.TestMethodWorker.invokeTestMethods(TestMethodWorker.java:125)
	at org.testng.internal.TestMethodWorker.run(TestMethodWorker.java:108)
	at org.testng.TestRunner.privateRun(TestRunner.java:771)
	at org.testng.TestRunner.run(TestRunner.java:621)
	at org.testng.SuiteRunner.runTest(SuiteRunner.java:357)
	at org.testng.SuiteRunner.runSequentially(SuiteRunner.java:352)
	at org.testng.SuiteRunner.privateRun(SuiteRunner.java:310)
	at org.testng.SuiteRunner.run(SuiteRunner.java:259)
	at org.testng.SuiteRunnerWorker.runSuite(SuiteRunnerWorker.java:52)
	at org.testng.SuiteRunnerWorker.run(SuiteRunnerWorker.java:86)
	at org.testng.TestNG.runSuitesSequentially(TestNG.java:1199)
	at org.testng.TestNG.runSuitesLocally(TestNG.java:1124)
	at org.testng.TestNG.run(TestNG.java:1032)
	at org.apache.maven.surefire.testng.TestNGExecutor.run(TestNGExecutor.java:73)
	at org.apache.maven.surefire.testng.TestNGXmlTestSuite.execute(TestNGXmlTestSuite.java:94)
	at org.apache.maven.surefire.Surefire.run(Surefire.java:169)
	at sun.reflect.NativeMethodAccessorImpl.invoke0(Native Method)
	at sun.reflect.NativeMethodAccessorImpl.invoke(NativeMethodAccessorImpl.java:62)
	at sun.reflect.DelegatingMethodAccessorImpl.invoke(DelegatingMethodAccessorImpl.java:43)
	at java.lang.reflect.Method.invoke(Method.java:498)
	at org.apache.maven.surefire.booter.SurefireBooter.runSuitesInProcess(SurefireBooter.java:350)
	at org.apache.maven.surefire.booter.SurefireBooter.main(SurefireBooter.java:1021)
]]>
            </full-stacktrace>
          </exception> <!-- java.lang.AssertionError -->
          <reporter-output>
          </reporter-output>
        </test-method> <!-- CT001_ExecutarDoisServicosQueGeremProtocoloNaMesmaSessãoAbertaPorUmUsuario -->
      </class> <!-- br.com.bradesco.test.CNF001_GeracaoDeOcorrenciaComGeracaoDeProtocoloDeAtendimento -->
      <class name="br.com.bradesco.test.CN011_AreaLogadoFaleConosco">
        <test-method status="PASS" signature="CT002_EnviarFormulario_FaleConosco()[pri:0, instance:br.com.bradesco.test.CN011_AreaLogadoFaleConosco@28975c28]" name="CT002_EnviarFormulario_FaleConosco" duration-ms="41739" started-at="2016-12-22T11:01:06Z" finished-at="2016-12-22T11:01:48Z">
          <reporter-output>
          </reporter-output>
        </test-method> <!-- CT002_EnviarFormulario_FaleConosco -->
      </class> <!-- br.com.bradesco.test.CN011_AreaLogadoFaleConosco -->
    </test> <!-- Test -->
  </suite> <!-- suite -->
</testng-results>
